mode: atomic
github.com/marcusbiava/json-post-box/cmd/main.go:15.13,29.39 8 0
github.com/marcusbiava/json-post-box/cmd/main.go:29.39,31.3 1 0
github.com/marcusbiava/json-post-box/internal/adapter/http/dto/json_dto.go:17.50,18.17 1 0
github.com/marcusbiava/json-post-box/internal/adapter/http/dto/json_dto.go:18.17,20.3 1 0
github.com/marcusbiava/json-post-box/internal/adapter/http/dto/json_dto.go:21.2,24.3 1 0
github.com/marcusbiava/json-post-box/internal/adapter/http/dto/json_dto.go:28.48,33.2 1 0
github.com/marcusbiava/json-post-box/internal/adapter/repository/memory/memory_repository.go:18.48,23.2 1 2
github.com/marcusbiava/json-post-box/internal/adapter/repository/memory/memory_repository.go:26.63,27.17 1 5
github.com/marcusbiava/json-post-box/internal/adapter/repository/memory/memory_repository.go:27.17,29.3 1 1
github.com/marcusbiava/json-post-box/internal/adapter/repository/memory/memory_repository.go:31.2,37.12 6 4
github.com/marcusbiava/json-post-box/internal/adapter/repository/memory/memory_repository.go:41.74,42.14 1 3
github.com/marcusbiava/json-post-box/internal/adapter/repository/memory/memory_repository.go:42.14,44.3 1 1
github.com/marcusbiava/json-post-box/internal/adapter/repository/memory/memory_repository.go:46.2,50.13 4 2
github.com/marcusbiava/json-post-box/internal/adapter/repository/memory/memory_repository.go:50.13,52.3 1 1
github.com/marcusbiava/json-post-box/internal/adapter/repository/memory/memory_repository.go:54.2,54.18 1 1
github.com/marcusbiava/json-post-box/internal/adapter/http/handler/json_handler.go:23.45,25.2 1 4
github.com/marcusbiava/json-post-box/internal/adapter/http/handler/json_handler.go:27.49,29.2 1 2
github.com/marcusbiava/json-post-box/internal/adapter/http/handler/json_handler.go:31.59,33.2 1 2
github.com/marcusbiava/json-post-box/internal/adapter/http/handler/json_handler.go:35.49,37.2 1 2
github.com/marcusbiava/json-post-box/internal/adapter/http/handler/json_handler.go:45.58,47.2 1 2
github.com/marcusbiava/json-post-box/internal/adapter/http/handler/json_handler.go:50.51,54.44 3 2
github.com/marcusbiava/json-post-box/internal/adapter/http/handler/json_handler.go:54.44,56.3 1 1
github.com/marcusbiava/json-post-box/internal/adapter/http/handler/json_handler.go:58.2,59.16 2 1
github.com/marcusbiava/json-post-box/internal/adapter/http/handler/json_handler.go:59.16,61.3 1 0
github.com/marcusbiava/json-post-box/internal/adapter/http/handler/json_handler.go:63.2,63.65 1 1
github.com/marcusbiava/json-post-box/internal/adapter/http/handler/json_handler.go:67.49,72.16 4 2
github.com/marcusbiava/json-post-box/internal/adapter/http/handler/json_handler.go:72.16,74.3 1 1
github.com/marcusbiava/json-post-box/internal/adapter/http/handler/json_handler.go:76.2,76.21 1 1
github.com/marcusbiava/json-post-box/internal/adapter/http/handler/json_handler.go:76.21,78.3 1 0
github.com/marcusbiava/json-post-box/internal/adapter/http/handler/json_handler.go:80.2,80.47 1 1
github.com/marcusbiava/json-post-box/internal/infrastructure/server/echo_server.go:23.69,35.2 3 0
github.com/marcusbiava/json-post-box/internal/infrastructure/server/echo_server.go:37.55,42.12 2 0
github.com/marcusbiava/json-post-box/internal/infrastructure/server/echo_server.go:42.12,44.82 2 0
github.com/marcusbiava/json-post-box/internal/infrastructure/server/echo_server.go:44.82,46.4 1 0
github.com/marcusbiava/json-post-box/internal/infrastructure/server/echo_server.go:50.2,53.9 3 0
github.com/marcusbiava/json-post-box/internal/infrastructure/server/echo_server.go:54.20,55.44 1 0
github.com/marcusbiava/json-post-box/internal/infrastructure/server/echo_server.go:56.24,58.13 2 0
github.com/marcusbiava/json-post-box/internal/infrastructure/server/echo_server.go:59.14,60.43 1 0
github.com/marcusbiava/json-post-box/internal/infrastructure/server/echo_server.go:64.2,68.55 3 0
github.com/marcusbiava/json-post-box/internal/infrastructure/server/echo_server.go:68.55,70.3 1 0
github.com/marcusbiava/json-post-box/internal/infrastructure/server/echo_server.go:72.2,73.12 2 0
github.com/marcusbiava/json-post-box/internal/infrastructure/server/routes.go:9.56,12.2 2 0
github.com/marcusbiava/json-post-box/internal/infrastructure/server/routes.go:12.2,18.48 3 0
github.com/marcusbiava/json-post-box/internal/infrastructure/server/routes.go:18.48,20.4 1 0
github.com/marcusbiava/json-post-box/internal/usecase/mocks/mock_json_usecase.go:12.84,15.2 2 0
github.com/marcusbiava/json-post-box/internal/usecase/mocks/mock_json_usecase.go:17.68,20.2 2 0
github.com/marcusbiava/json-post-box/internal/usecase/json_usecase.go:18.61,20.2 1 5
github.com/marcusbiava/json-post-box/internal/usecase/json_usecase.go:22.70,23.17 1 3
github.com/marcusbiava/json-post-box/internal/usecase/json_usecase.go:23.17,25.3 1 1
github.com/marcusbiava/json-post-box/internal/usecase/json_usecase.go:27.2,31.44 2 2
github.com/marcusbiava/json-post-box/internal/usecase/json_usecase.go:31.44,33.3 1 0
github.com/marcusbiava/json-post-box/internal/usecase/json_usecase.go:35.2,35.48 1 2
github.com/marcusbiava/json-post-box/internal/usecase/json_usecase.go:35.48,37.3 1 1
github.com/marcusbiava/json-post-box/internal/usecase/json_usecase.go:39.2,39.22 1 1
github.com/marcusbiava/json-post-box/internal/usecase/json_usecase.go:42.65,44.16 2 2
github.com/marcusbiava/json-post-box/internal/usecase/json_usecase.go:44.16,46.3 1 1
github.com/marcusbiava/json-post-box/internal/usecase/json_usecase.go:47.2,47.21 1 1
github.com/marcusbiava/json-post-box/internal/usecase/json_usecase.go:47.21,49.3 1 0
github.com/marcusbiava/json-post-box/internal/usecase/json_usecase.go:50.2,50.22 1 1
github.com/marcusbiava/json-post-box/internal/domain/json.go:23.33,24.19 1 0
github.com/marcusbiava/json-post-box/internal/domain/json.go:24.19,26.3 1 0
github.com/marcusbiava/json-post-box/internal/domain/json.go:27.2,27.12 1 0
